<?xml version="1.0" encoding="UTF-8"?>
<testng-results skipped="0" failed="0" ignored="0" total="1" passed="1">
  <reporter-output>
  </reporter-output>
  <suite name="Command line suite" duration-ms="69" started-at="2020-06-08T20:40:26Z" finished-at="2020-06-08T20:40:26Z">
    <groups>
    </groups>
    <test name="Command line test" duration-ms="69" started-at="2020-06-08T20:40:26Z" finished-at="2020-06-08T20:40:26Z">
      <class name="assignment.test">
        <test-method status="PASS" signature="hello()[pri:0, instance:assignment.test@6b09bb57]" name="hello" duration-ms="13" started-at="2020-06-08T20:40:26Z" finished-at="2020-06-08T20:40:26Z">
          <reporter-output>
          </reporter-output>
        </test-method> <!-- hello -->
      </class> <!-- assignment.test -->
    </test> <!-- Command line test -->
  </suite> <!-- Command line suite -->
</testng-results>
